<?xml version="1.0" encoding="UTF-8"?>
<testng-results ignored="0" total="3" passed="1" failed="2" skipped="0">
  <reporter-output>
  </reporter-output>
  <suite started-at="2026-01-09T14:05:25 IST" name="Demo Suite" finished-at="2026-01-09T14:05:25 IST" duration-ms="73">
    <groups>
      <group name="regression">
        <method signature="FirstTest.dummyRegressionTest()[pri:0, instance:tests.FirstTest@7e990ed7]" name="dummyRegressionTest" class="tests.FirstTest"/>
      </group> <!-- regression -->
      <group name="smoke">
        <method signature="FirstTest.openHomePage(java.lang.String,java.lang.String)[pri:0, instance:tests.FirstTest@7e990ed7]" name="openHomePage" class="tests.FirstTest"/>
      </group> <!-- smoke -->
    </groups>
    <test started-at="2026-01-09T14:05:25 IST" name="Parallel Tests" finished-at="2026-01-09T14:05:25 IST" duration-ms="73">
      <class name="tests.FirstTest">
        <test-method signature="dummyRegressionTest()[pri:0, instance:tests.FirstTest@7e990ed7]" started-at="2026-01-09T14:05:25 IST" name="dummyRegressionTest" finished-at="2026-01-09T14:05:25 IST" duration-ms="15" status="PASS">
          <reporter-output>
          </reporter-output>
        </test-method> <!-- dummyRegressionTest -->
        <test-method signature="openHomePage(java.lang.String,java.lang.String)[pri:0, instance:tests.FirstTest@7e990ed7]" started-at="2026-01-09T14:05:25 IST" name="openHomePage" data-provider="titleData" finished-at="2026-01-09T14:05:25 IST" duration-ms="13" status="FAIL">
          <params>
            <param index="0">
              <value>
                <![CDATA[https://example.com]]>
              </value>
            </param>
            <param index="1">
              <value>
                <![CDATA[Example Domain]]>
              </value>
            </param>
          </params>
          <exception class="java.lang.NullPointerException">
            <message>
              <![CDATA[Cannot invoke "org.openqa.selenium.WebDriver.get(String)" because the return value of "tests.FirstTest.getDriver()" is null]]>
            </message>
            <full-stacktrace>
              <![CDATA[java.lang.NullPointerException: Cannot invoke "org.openqa.selenium.WebDriver.get(String)" because the return value of "tests.FirstTest.getDriver()" is null
at tests.FirstTest.openHomePage(FirstTest.java:16)
at java.base/jdk.internal.reflect.DirectMethodHandleAccessor.invoke(DirectMethodHandleAccessor.java:103)
at java.base/java.lang.reflect.Method.invoke(Method.java:580)
at org.testng.internal.invokers.MethodInvocationHelper.invokeMethod(MethodInvocationHelper.java:139)
at org.testng.internal.invokers.TestInvoker.invokeMethod(TestInvoker.java:664)
at org.testng.internal.invokers.TestInvoker.invokeTestMethod(TestInvoker.java:228)
at org.testng.internal.invokers.MethodRunner.runInSequence(MethodRunner.java:63)
at org.testng.internal.invokers.TestInvoker$MethodInvocationAgent.invoke(TestInvoker.java:961)
at org.testng.internal.invokers.TestInvoker.invokeTestMethods(TestInvoker.java:201)
at org.testng.internal.invokers.TestMethodWorker.invokeTestMethods(TestMethodWorker.java:148)
at org.testng.internal.invokers.TestMethodWorker.run(TestMethodWorker.java:128)
at java.base/java.util.concurrent.Executors$RunnableAdapter.call(Executors.java:572)
at java.base/java.util.concurrent.FutureTask.run(FutureTask.java:317)
at org.testng.internal.thread.graph.TestNGFutureTask.run(TestNGFutureTask.java:22)
at java.base/java.util.concurrent.ThreadPoolExecutor.runWorker(ThreadPoolExecutor.java:1144)
at java.base/java.util.concurrent.ThreadPoolExecutor$Worker.run(ThreadPoolExecutor.java:642)
at java.base/java.lang.Thread.run(Thread.java:1583)
]]>
            </full-stacktrace>
          </exception> <!-- java.lang.NullPointerException -->
          <reporter-output>
          </reporter-output>
        </test-method> <!-- openHomePage -->
        <test-method signature="openHomePage(java.lang.String,java.lang.String)[pri:0, instance:tests.FirstTest@7e990ed7]" started-at="2026-01-09T14:05:25 IST" name="openHomePage" data-provider="titleData" finished-at="2026-01-09T14:05:25 IST" duration-ms="4" status="FAIL">
          <params>
            <param index="0">
              <value>
                <![CDATA[https://example.com]]>
              </value>
            </param>
            <param index="1">
              <value>
                <![CDATA[Example Domain]]>
              </value>
            </param>
          </params>
          <exception class="java.lang.NullPointerException">
            <message>
              <![CDATA[Cannot invoke "org.openqa.selenium.WebDriver.get(String)" because the return value of "tests.FirstTest.getDriver()" is null]]>
            </message>
            <full-stacktrace>
              <![CDATA[java.lang.NullPointerException: Cannot invoke "org.openqa.selenium.WebDriver.get(String)" because the return value of "tests.FirstTest.getDriver()" is null
at tests.FirstTest.openHomePage(FirstTest.java:16)
at java.base/jdk.internal.reflect.DirectMethodHandleAccessor.invoke(DirectMethodHandleAccessor.java:103)
at java.base/java.lang.reflect.Method.invoke(Method.java:580)
at org.testng.internal.invokers.MethodInvocationHelper.invokeMethod(MethodInvocationHelper.java:139)
at org.testng.internal.invokers.TestInvoker.invokeMethod(TestInvoker.java:664)
at org.testng.internal.invokers.TestInvoker.invokeTestMethod(TestInvoker.java:228)
at org.testng.internal.invokers.MethodRunner.runInSequence(MethodRunner.java:63)
at org.testng.internal.invokers.TestInvoker$MethodInvocationAgent.invoke(TestInvoker.java:961)
at org.testng.internal.invokers.TestInvoker.invokeTestMethods(TestInvoker.java:201)
at org.testng.internal.invokers.TestMethodWorker.invokeTestMethods(TestMethodWorker.java:148)
at org.testng.internal.invokers.TestMethodWorker.run(TestMethodWorker.java:128)
at java.base/java.util.concurrent.Executors$RunnableAdapter.call(Executors.java:572)
at java.base/java.util.concurrent.FutureTask.run(FutureTask.java:317)
at org.testng.internal.thread.graph.TestNGFutureTask.run(TestNGFutureTask.java:22)
at java.base/java.util.concurrent.ThreadPoolExecutor.runWorker(ThreadPoolExecutor.java:1144)
at java.base/java.util.concurrent.ThreadPoolExecutor$Worker.run(ThreadPoolExecutor.java:642)
at java.base/java.lang.Thread.run(Thread.java:1583)
]]>
            </full-stacktrace>
          </exception> <!-- java.lang.NullPointerException -->
          <reporter-output>
          </reporter-output>
        </test-method> <!-- openHomePage -->
      </class> <!-- tests.FirstTest -->
    </test> <!-- Parallel Tests -->
  </suite> <!-- Demo Suite -->
</testng-results>
